<?xml version="1.0" encoding="UTF-8"?>
<testng-results ignored="0" total="2" passed="2" failed="0" skipped="0">
  <reporter-output>
  </reporter-output>
  <suite started-at="2023-07-23T01:35:34 IST" name="Suite" finished-at="2023-07-23T01:36:09 IST" duration-ms="35790">
    <groups>
      <group name="cucumber">
        <method signature="AbstractTestNGCucumberTests.runScenario(io.cucumber.testng.PickleWrapper,io.cucumber.testng.FeatureWrapper)[pri:0, instance:com.app.runner.CucumberRunnerTests@49049a04]" name="runScenario" class="io.cucumber.testng.AbstractTestNGCucumberTests"/>
      </group> <!-- cucumber -->
    </groups>
    <test started-at="2023-07-23T01:35:34 IST" name="Cucumber with TestNG Test" finished-at="2023-07-23T01:36:09 IST" duration-ms="35790">
      <class name="com.app.runner.CucumberRunnerTests">
        <test-method is-config="true" signature="setUpClass(org.testng.ITestContext)[pri:0, instance:com.app.runner.CucumberRunnerTests@49049a04]" started-at="2023-07-23T01:35:34 IST" name="setUpClass" finished-at="2023-07-23T01:35:34 IST" duration-ms="301" status="PASS">
          <params>
            <param index="0">
              <value>
                <![CDATA[org.testng.TestRunner@54b2fc58]]>
              </value>
            </param>
          </params>
          <reporter-output>
          </reporter-output>
        </test-method> <!-- setUpClass -->
        <test-method signature="runScenario(io.cucumber.testng.PickleWrapper,io.cucumber.testng.FeatureWrapper)[pri:0, instance:com.app.runner.CucumberRunnerTests@49049a04]" started-at="2023-07-23T01:35:34 IST" name="runScenario" description="Runs Cucumber Scenarios" data-provider="scenarios" finished-at="2023-07-23T01:35:59 IST" duration-ms="24586" status="PASS">
          <params>
            <param index="0">
              <value>
                <![CDATA["Logging in to the system scenrio2"]]>
              </value>
            </param>
            <param index="1">
              <value>
                <![CDATA["Login feature"]]>
              </value>
            </param>
          </params>
          <reporter-output>
          </reporter-output>
        </test-method> <!-- runScenario -->
        <test-method signature="runScenario(io.cucumber.testng.PickleWrapper,io.cucumber.testng.FeatureWrapper)[pri:0, instance:com.app.runner.CucumberRunnerTests@49049a04]" started-at="2023-07-23T01:35:59 IST" name="runScenario" description="Runs Cucumber Scenarios" data-provider="scenarios" finished-at="2023-07-23T01:36:09 IST" duration-ms="10824" status="PASS">
          <params>
            <param index="0">
              <value>
                <![CDATA["Logging in to the system scenrio3"]]>
              </value>
            </param>
            <param index="1">
              <value>
                <![CDATA["Login feature"]]>
              </value>
            </param>
          </params>
          <reporter-output>
          </reporter-output>
        </test-method> <!-- runScenario -->
        <test-method is-config="true" signature="tearDownClass()[pri:0, instance:com.app.runner.CucumberRunnerTests@49049a04]" started-at="2023-07-23T01:36:09 IST" name="tearDownClass" finished-at="2023-07-23T01:36:09 IST" duration-ms="22" status="PASS">
          <reporter-output>
          </reporter-output>
        </test-method> <!-- tearDownClass -->
      </class> <!-- com.app.runner.CucumberRunnerTests -->
    </test> <!-- Cucumber with TestNG Test -->
  </suite> <!-- Suite -->
</testng-results>
