<?xml version="1.0" encoding="UTF-8"?>
<testng-results ignored="0" total="3" passed="3" failed="0" skipped="0">
  <reporter-output>
    <line>
      <![CDATA[<br><img src='C:\GitClones\CucuTestNGReportingProProject\NewProject/Screenshots/30-Jul-2023/Logging in_30Jul2023_18-23-38.png' height='600' width='800'/></br>]]>
    </line>
    <line>
      <![CDATA[<br><img src='C:\GitClones\CucuTestNGReportingProProject\NewProject/Screenshots/30-Jul-2023/Logging in_30Jul2023_18-23-52.png' height='600' width='800'/></br>]]>
    </line>
    <line>
      <![CDATA[<br><img src='C:\GitClones\CucuTestNGReportingProProject\NewProject/Screenshots/30-Jul-2023/Logging in_30Jul2023_18-24-03.png' height='600' width='800'/></br>]]>
    </line>
    <line>
      <![CDATA[<br><img src='C:\GitClones\CucuTestNGReportingProProject\NewProject/Screenshots/30-Jul-2023/Logging in_30Jul2023_18-24-13.png' height='600' width='800'/></br>]]>
    </line>
    <line>
      <![CDATA[<br><img src='C:\GitClones\CucuTestNGReportingProProject\NewProject/Screenshots/30-Jul-2023/Logging in_30Jul2023_18-24-18.png' height='600' width='800'/></br>]]>
    </line>
    <line>
      <![CDATA[<br><img src='C:\GitClones\CucuTestNGReportingProProject\NewProject/Screenshots/30-Jul-2023/Logging in_30Jul2023_18-24-24.png' height='600' width='800'/></br>]]>
    </line>
  </reporter-output>
  <suite started-at="2023-07-30T18:23:23 IST" name="Default suite" finished-at="2023-07-30T18:24:31 IST" duration-ms="68340">
    <groups>
      <group name="cucumber">
        <method signature="AbstractTestNGCucumberTests.runScenario(io.cucumber.testng.PickleWrapper,io.cucumber.testng.FeatureWrapper)[pri:0, instance:com.app.runner.CucumberRunnerTests@1ed4ae0f]" name="runScenario" class="io.cucumber.testng.AbstractTestNGCucumberTests"/>
      </group> <!-- cucumber -->
    </groups>
    <test started-at="2023-07-30T18:23:23 IST" name="Default test" finished-at="2023-07-30T18:24:31 IST" duration-ms="68340">
      <class name="com.app.runner.CucumberRunnerTests">
        <test-method is-config="true" signature="setUpClass(org.testng.ITestContext)[pri:0, instance:com.app.runner.CucumberRunnerTests@1ed4ae0f]" started-at="2023-07-30T18:23:23 IST" name="setUpClass" finished-at="2023-07-30T18:23:24 IST" duration-ms="888" status="PASS">
          <params>
            <param index="0">
              <value>
                <![CDATA[org.testng.TestRunner@52b30dcd]]>
              </value>
            </param>
          </params>
          <reporter-output>
          </reporter-output>
        </test-method> <!-- setUpClass -->
        <test-method signature="runScenario(io.cucumber.testng.PickleWrapper,io.cucumber.testng.FeatureWrapper)[pri:0, instance:com.app.runner.CucumberRunnerTests@1ed4ae0f]" started-at="2023-07-30T18:23:24 IST" name="runScenario" description="Runs Cucumber Scenarios" data-provider="scenarios" finished-at="2023-07-30T18:23:39 IST" duration-ms="14711" status="PASS">
          <params>
            <param index="0">
              <value>
                <![CDATA["Logging in to the system scenrio one"]]>
              </value>
            </param>
            <param index="1">
              <value>
                <![CDATA["Login feature"]]>
              </value>
            </param>
          </params>
          <reporter-output>
            <line>
              <![CDATA[<br><img src='C:\GitClones\CucuTestNGReportingProProject\NewProject/Screenshots/30-Jul-2023/Logging in_30Jul2023_18-23-38.png' height='600' width='800'/></br>]]>
            </line>
          </reporter-output>
        </test-method> <!-- runScenario -->
        <test-method signature="runScenario(io.cucumber.testng.PickleWrapper,io.cucumber.testng.FeatureWrapper)[pri:0, instance:com.app.runner.CucumberRunnerTests@1ed4ae0f]" started-at="2023-07-30T18:23:39 IST" name="runScenario" description="Runs Cucumber Scenarios" data-provider="scenarios" finished-at="2023-07-30T18:23:52 IST" duration-ms="13705" status="PASS">
          <params>
            <param index="0">
              <value>
                <![CDATA["Logging in to the system scenrio two"]]>
              </value>
            </param>
            <param index="1">
              <value>
                <![CDATA["Login feature"]]>
              </value>
            </param>
          </params>
          <reporter-output>
            <line>
              <![CDATA[<br><img src='C:\GitClones\CucuTestNGReportingProProject\NewProject/Screenshots/30-Jul-2023/Logging in_30Jul2023_18-23-52.png' height='600' width='800'/></br>]]>
            </line>
          </reporter-output>
        </test-method> <!-- runScenario -->
        <test-method signature="runScenario(io.cucumber.testng.PickleWrapper,io.cucumber.testng.FeatureWrapper)[pri:0, instance:com.app.runner.CucumberRunnerTests@1ed4ae0f]" started-at="2023-07-30T18:23:52 IST" name="runScenario" description="Runs Cucumber Scenarios" data-provider="scenarios" finished-at="2023-07-30T18:24:24 IST" duration-ms="31848" status="PASS">
          <params>
            <param index="0">
              <value>
                <![CDATA["Logging in to the system scenrio three"]]>
              </value>
            </param>
            <param index="1">
              <value>
                <![CDATA["Login feature"]]>
              </value>
            </param>
          </params>
          <reporter-output>
            <line>
              <![CDATA[<br><img src='C:\GitClones\CucuTestNGReportingProProject\NewProject/Screenshots/30-Jul-2023/Logging in_30Jul2023_18-24-03.png' height='600' width='800'/></br>]]>
            </line>
            <line>
              <![CDATA[<br><img src='C:\GitClones\CucuTestNGReportingProProject\NewProject/Screenshots/30-Jul-2023/Logging in_30Jul2023_18-24-13.png' height='600' width='800'/></br>]]>
            </line>
            <line>
              <![CDATA[<br><img src='C:\GitClones\CucuTestNGReportingProProject\NewProject/Screenshots/30-Jul-2023/Logging in_30Jul2023_18-24-18.png' height='600' width='800'/></br>]]>
            </line>
            <line>
              <![CDATA[<br><img src='C:\GitClones\CucuTestNGReportingProProject\NewProject/Screenshots/30-Jul-2023/Logging in_30Jul2023_18-24-24.png' height='600' width='800'/></br>]]>
            </line>
          </reporter-output>
        </test-method> <!-- runScenario -->
        <test-method is-config="true" signature="tearDownClass()[pri:0, instance:com.app.runner.CucumberRunnerTests@1ed4ae0f]" started-at="2023-07-30T18:24:24 IST" name="tearDownClass" finished-at="2023-07-30T18:24:31 IST" duration-ms="7151" status="PASS">
          <reporter-output>
          </reporter-output>
        </test-method> <!-- tearDownClass -->
      </class> <!-- com.app.runner.CucumberRunnerTests -->
    </test> <!-- Default test -->
  </suite> <!-- Default suite -->
</testng-results>
