<?xml version="1.0" encoding="UTF-8"?>
<testng-results ignored="0" total="1" passed="1" failed="0" skipped="0">
  <reporter-output>
    <line>
      <![CDATA[<br><img src='/Users/hraza/Documents/GitClones/TestGitClones/NGReportingProProjectCopy/Screenshots/13-Nov-2023/Selenium 4_13Nov2023_11-47-31.png' height='1772' width='3456'/></br>]]>
    </line>
    <line>
      <![CDATA[<br><img src='/Users/hraza/Documents/GitClones/TestGitClones/NGReportingProProjectCopy/Screenshots/13-Nov-2023/Selenium 4_13Nov2023_11-48-05.png' height='1772' width='3456'/></br>]]>
    </line>
    <line>
      <![CDATA[<br><img src='/Users/hraza/Documents/GitClones/TestGitClones/NGReportingProProjectCopy/Screenshots/13-Nov-2023/Selenium 4_13Nov2023_11-48-22.png' height='1772' width='3456'/></br>]]>
    </line>
  </reporter-output>
  <suite started-at="2023-11-13T11:46:56 IST" name="Default suite" finished-at="2023-11-13T11:48:27 IST" duration-ms="91156">
    <groups>
      <group name="cucumber">
        <method signature="AbstractTestNGCucumberTests.runScenario(io.cucumber.testng.PickleWrapper,io.cucumber.testng.FeatureWrapper)[pri:0, instance:com.app.runner.CucumberRunnerTests@33d512c1]" name="runScenario" class="io.cucumber.testng.AbstractTestNGCucumberTests"/>
      </group> <!-- cucumber -->
    </groups>
    <test started-at="2023-11-13T11:46:56 IST" name="Default test" finished-at="2023-11-13T11:48:27 IST" duration-ms="91156">
      <class name="com.app.runner.CucumberRunnerTests">
        <test-method is-config="true" signature="setUpClass(org.testng.ITestContext)[pri:0, instance:com.app.runner.CucumberRunnerTests@33d512c1]" started-at="2023-11-13T11:46:56 IST" name="setUpClass" finished-at="2023-11-13T11:46:57 IST" duration-ms="833" status="PASS">
          <params>
            <param index="0">
              <value>
                <![CDATA[org.testng.TestRunner@7074da1d]]>
              </value>
            </param>
          </params>
          <reporter-output>
          </reporter-output>
        </test-method> <!-- setUpClass -->
        <test-method signature="runScenario(io.cucumber.testng.PickleWrapper,io.cucumber.testng.FeatureWrapper)[pri:0, instance:com.app.runner.CucumberRunnerTests@33d512c1]" started-at="2023-11-13T11:46:57 IST" name="runScenario" description="Runs Cucumber Scenarios" data-provider="scenarios" finished-at="2023-11-13T11:48:23 IST" duration-ms="86066" status="PASS">
          <params>
            <param index="0">
              <value>
                <![CDATA["Selenium 4 features test"]]>
              </value>
            </param>
            <param index="1">
              <value>
                <![CDATA["Login feature"]]>
              </value>
            </param>
          </params>
          <reporter-output>
            <line>
              <![CDATA[<br><img src='/Users/hraza/Documents/GitClones/TestGitClones/NGReportingProProjectCopy/Screenshots/13-Nov-2023/Selenium 4_13Nov2023_11-47-31.png' height='1772' width='3456'/></br>]]>
            </line>
            <line>
              <![CDATA[<br><img src='/Users/hraza/Documents/GitClones/TestGitClones/NGReportingProProjectCopy/Screenshots/13-Nov-2023/Selenium 4_13Nov2023_11-48-05.png' height='1772' width='3456'/></br>]]>
            </line>
            <line>
              <![CDATA[<br><img src='/Users/hraza/Documents/GitClones/TestGitClones/NGReportingProProjectCopy/Screenshots/13-Nov-2023/Selenium 4_13Nov2023_11-48-22.png' height='1772' width='3456'/></br>]]>
            </line>
          </reporter-output>
        </test-method> <!-- runScenario -->
        <test-method is-config="true" signature="tearDownClass()[pri:0, instance:com.app.runner.CucumberRunnerTests@33d512c1]" started-at="2023-11-13T11:48:23 IST" name="tearDownClass" finished-at="2023-11-13T11:48:27 IST" duration-ms="4198" status="PASS">
          <reporter-output>
          </reporter-output>
        </test-method> <!-- tearDownClass -->
      </class> <!-- com.app.runner.CucumberRunnerTests -->
    </test> <!-- Default test -->
  </suite> <!-- Default suite -->
</testng-results>
